<?xml version="1.0" encoding="UTF-8"?>
<testng-results ignored="0" total="1" passed="1" failed="0" skipped="0">
  <reporter-output>
  </reporter-output>
  <suite started-at="2026-08-19T18:30:39 IST" name="Surefire suite" finished-at="2026-08-19T18:32:28 IST" duration-ms="108408">
    <groups>
    </groups>
    <test started-at="2026-08-19T18:30:39 IST" name="Surefire test" finished-at="2026-08-19T18:32:28 IST" duration-ms="108408">
      <class name="tests.E2EUserFlowTest">
        <test-method is-config="true" signature="setupSuite()[pri:0, instance:tests.E2EUserFlowTest@3cc2931c]" started-at="2026-08-19T18:30:39 IST" name="setupSuite" finished-at="2026-08-19T18:30:42 IST" duration-ms="2372" status="PASS">
          <reporter-output>
          </reporter-output>
        </test-method> <!-- setupSuite -->
        <test-method is-config="true" signature="setup(org.testng.ITestResult)[pri:0, instance:tests.E2EUserFlowTest@3cc2931c]" started-at="2026-08-19T18:30:42 IST" name="setup" finished-at="2026-08-19T18:31:06 IST" duration-ms="24371" status="PASS">
          <params>
            <param index="0">
              <value>
                <![CDATA[[TestResult name={null} status=CREATED method=E2EUserFlowTest.testUserCreationAndLoginFlow()[pri:0, instance:tests.E2EUserFlowTest@3cc2931c] output={null}]]]>
              </value>
            </param>
          </params>
          <reporter-output>
          </reporter-output>
        </test-method> <!-- setup -->
        <test-method signature="testUserCreationAndLoginFlow()[pri:0, instance:tests.E2EUserFlowTest@3cc2931c]" started-at="2026-08-19T18:31:06 IST" name="testUserCreationAndLoginFlow" finished-at="2026-08-19T18:32:08 IST" duration-ms="61727" status="PASS">
          <reporter-output>
          </reporter-output>
        </test-method> <!-- testUserCreationAndLoginFlow -->
        <test-method is-config="true" signature="tearDown(org.testng.ITestResult)[pri:0, instance:tests.E2EUserFlowTest@3cc2931c]" started-at="2026-08-19T18:32:08 IST" name="tearDown" finished-at="2026-08-19T18:32:23 IST" duration-ms="15056" status="PASS">
          <params>
            <param index="0">
              <value>
                <![CDATA[[TestResult name=testUserCreationAndLoginFlow status=SUCCESS method=E2EUserFlowTest.testUserCreationAndLoginFlow()[pri:0, instance:tests.E2EUserFlowTest@3cc2931c] output={null}]]]>
              </value>
            </param>
          </params>
          <reporter-output>
          </reporter-output>
        </test-method> <!-- tearDown -->
        <test-method is-config="true" signature="teardownSuite()[pri:0, instance:tests.E2EUserFlowTest@3cc2931c]" started-at="2026-08-19T18:32:23 IST" name="teardownSuite" finished-at="2026-08-19T18:32:28 IST" duration-ms="4423" status="PASS">
          <reporter-output>
          </reporter-output>
        </test-method> <!-- teardownSuite -->
      </class> <!-- tests.E2EUserFlowTest -->
    </test> <!-- Surefire test -->
  </suite> <!-- Surefire suite -->
</testng-results>
